[INFO  - 2016-09-09T00:48:39.785Z] GhostDriver - Main - running on port 55791
[INFO  - 2016-09-09T00:48:40.866Z] Session [26d36890-7627-11e6-bada-61cd9c9d4040] - page.settings - {"XSSAuditingEnabled":false,"javascriptCanCloseWindows":true,"javascriptCanOpenWindows":true,"javascriptEnabled":true,"loadImages":true,"localToRemoteUrlAccessEnabled":false,"userAgent":"Mozilla/5.0 (Windows NT 6.2; WOW64) AppleWebKit/538.1 (KHTML, like Gecko) PhantomJS/2.1.1 Safari/538.1","webSecurityEnabled":true}
[INFO  - 2016-09-09T00:48:40.866Z] Session [26d36890-7627-11e6-bada-61cd9c9d4040] - page.customHeaders:  - {}
[INFO  - 2016-09-09T00:48:40.866Z] Session [26d36890-7627-11e6-bada-61cd9c9d4040] - Session.negotiatedCapabilities - {"browserName":"phantomjs","version":"2.1.1","driverName":"ghostdriver","driverVersion":"1.2.0","platform":"windows-10-32bit","javascriptEnabled":true,"takesScreenshot":true,"handlesAlerts":false,"databaseEnabled":false,"locationContextEnabled":false,"applicationCacheEnabled":false,"browserConnectionEnabled":false,"cssSelectorsEnabled":true,"webStorageEnabled":false,"rotatable":false,"acceptSslCerts":false,"nativeEvents":true,"proxy":{"proxyType":"direct"}}
[INFO  - 2016-09-09T00:48:40.866Z] SessionManagerReqHand - _postNewSessionCommand - New Session Created: 26d36890-7627-11e6-bada-61cd9c9d4040
[INFO  - 2016-09-09T00:48:42.581Z] Session [26d36890-7627-11e6-bada-61cd9c9d4040] - page.settings - {"XSSAuditingEnabled":false,"javascriptCanCloseWindows":true,"javascriptCanOpenWindows":true,"javascriptEnabled":true,"loadImages":true,"localToRemoteUrlAccessEnabled":false,"userAgent":"Mozilla/5.0 (Windows NT 6.2; WOW64) AppleWebKit/538.1 (KHTML, like Gecko) PhantomJS/2.1.1 Safari/538.1","webSecurityEnabled":true}
[INFO  - 2016-09-09T00:48:42.581Z] Session [26d36890-7627-11e6-bada-61cd9c9d4040] - page.customHeaders:  - {}
[INFO  - 2016-09-09T00:48:42.895Z] Session [26d36890-7627-11e6-bada-61cd9c9d4040] - page.settings - {"XSSAuditingEnabled":false,"javascriptCanCloseWindows":true,"javascriptCanOpenWindows":true,"javascriptEnabled":true,"loadImages":true,"localToRemoteUrlAccessEnabled":false,"userAgent":"Mozilla/5.0 (Windows NT 6.2; WOW64) AppleWebKit/538.1 (KHTML, like Gecko) PhantomJS/2.1.1 Safari/538.1","webSecurityEnabled":true}
[INFO  - 2016-09-09T00:48:42.895Z] Session [26d36890-7627-11e6-bada-61cd9c9d4040] - page.customHeaders:  - {}
[INFO  - 2016-09-09T00:48:43.260Z] Session [26d36890-7627-11e6-bada-61cd9c9d4040] - page.settings - {"XSSAuditingEnabled":false,"javascriptCanCloseWindows":true,"javascriptCanOpenWindows":true,"javascriptEnabled":true,"loadImages":true,"localToRemoteUrlAccessEnabled":false,"userAgent":"Mozilla/5.0 (Windows NT 6.2; WOW64) AppleWebKit/538.1 (KHTML, like Gecko) PhantomJS/2.1.1 Safari/538.1","webSecurityEnabled":true}
[INFO  - 2016-09-09T00:48:43.260Z] Session [26d36890-7627-11e6-bada-61cd9c9d4040] - page.customHeaders:  - {}
[INFO  - 2016-09-09T00:48:43.565Z] Session [26d36890-7627-11e6-bada-61cd9c9d4040] - page.settings - {"XSSAuditingEnabled":false,"javascriptCanCloseWindows":true,"javascriptCanOpenWindows":true,"javascriptEnabled":true,"loadImages":true,"localToRemoteUrlAccessEnabled":false,"userAgent":"Mozilla/5.0 (Windows NT 6.2; WOW64) AppleWebKit/538.1 (KHTML, like Gecko) PhantomJS/2.1.1 Safari/538.1","webSecurityEnabled":true}
[INFO  - 2016-09-09T00:48:43.565Z] Session [26d36890-7627-11e6-bada-61cd9c9d4040] - page.customHeaders:  - {}
[INFO  - 2016-09-09T00:48:43.871Z] Session [26d36890-7627-11e6-bada-61cd9c9d4040] - page.settings - {"XSSAuditingEnabled":false,"javascriptCanCloseWindows":true,"javascriptCanOpenWindows":true,"javascriptEnabled":true,"loadImages":true,"localToRemoteUrlAccessEnabled":false,"userAgent":"Mozilla/5.0 (Windows NT 6.2; WOW64) AppleWebKit/538.1 (KHTML, like Gecko) PhantomJS/2.1.1 Safari/538.1","webSecurityEnabled":true}
[INFO  - 2016-09-09T00:48:43.871Z] Session [26d36890-7627-11e6-bada-61cd9c9d4040] - page.customHeaders:  - {}
[INFO  - 2016-09-09T00:48:44.214Z] Session [26d36890-7627-11e6-bada-61cd9c9d4040] - page.settings - {"XSSAuditingEnabled":false,"javascriptCanCloseWindows":true,"javascriptCanOpenWindows":true,"javascriptEnabled":true,"loadImages":true,"localToRemoteUrlAccessEnabled":false,"userAgent":"Mozilla/5.0 (Windows NT 6.2; WOW64) AppleWebKit/538.1 (KHTML, like Gecko) PhantomJS/2.1.1 Safari/538.1","webSecurityEnabled":true}
[INFO  - 2016-09-09T00:48:44.214Z] Session [26d36890-7627-11e6-bada-61cd9c9d4040] - page.customHeaders:  - {}
[INFO  - 2016-09-09T00:48:44.781Z] Session [26d36890-7627-11e6-bada-61cd9c9d4040] - page.settings - {"XSSAuditingEnabled":false,"javascriptCanCloseWindows":true,"javascriptCanOpenWindows":true,"javascriptEnabled":true,"loadImages":true,"localToRemoteUrlAccessEnabled":false,"userAgent":"Mozilla/5.0 (Windows NT 6.2; WOW64) AppleWebKit/538.1 (KHTML, like Gecko) PhantomJS/2.1.1 Safari/538.1","webSecurityEnabled":true}
[INFO  - 2016-09-09T00:48:44.781Z] Session [26d36890-7627-11e6-bada-61cd9c9d4040] - page.customHeaders:  - {}
[INFO  - 2016-09-09T00:48:45.117Z] Session [26d36890-7627-11e6-bada-61cd9c9d4040] - page.settings - {"XSSAuditingEnabled":false,"javascriptCanCloseWindows":true,"javascriptCanOpenWindows":true,"javascriptEnabled":true,"loadImages":true,"localToRemoteUrlAccessEnabled":false,"userAgent":"Mozilla/5.0 (Windows NT 6.2; WOW64) AppleWebKit/538.1 (KHTML, like Gecko) PhantomJS/2.1.1 Safari/538.1","webSecurityEnabled":true}
[INFO  - 2016-09-09T00:48:45.117Z] Session [26d36890-7627-11e6-bada-61cd9c9d4040] - page.customHeaders:  - {}
[INFO  - 2016-09-09T00:48:45.464Z] Session [26d36890-7627-11e6-bada-61cd9c9d4040] - page.settings - {"XSSAuditingEnabled":false,"javascriptCanCloseWindows":true,"javascriptCanOpenWindows":true,"javascriptEnabled":true,"loadImages":true,"localToRemoteUrlAccessEnabled":false,"userAgent":"Mozilla/5.0 (Windows NT 6.2; WOW64) AppleWebKit/538.1 (KHTML, like Gecko) PhantomJS/2.1.1 Safari/538.1","webSecurityEnabled":true}
[INFO  - 2016-09-09T00:48:45.465Z] Session [26d36890-7627-11e6-bada-61cd9c9d4040] - page.customHeaders:  - {}
[INFO  - 2016-09-09T00:48:45.815Z] Session [26d36890-7627-11e6-bada-61cd9c9d4040] - page.settings - {"XSSAuditingEnabled":false,"javascriptCanCloseWindows":true,"javascriptCanOpenWindows":true,"javascriptEnabled":true,"loadImages":true,"localToRemoteUrlAccessEnabled":false,"userAgent":"Mozilla/5.0 (Windows NT 6.2; WOW64) AppleWebKit/538.1 (KHTML, like Gecko) PhantomJS/2.1.1 Safari/538.1","webSecurityEnabled":true}
[INFO  - 2016-09-09T00:48:45.815Z] Session [26d36890-7627-11e6-bada-61cd9c9d4040] - page.customHeaders:  - {}
[INFO  - 2016-09-09T00:48:46.159Z] Session [26d36890-7627-11e6-bada-61cd9c9d4040] - page.settings - {"XSSAuditingEnabled":false,"javascriptCanCloseWindows":true,"javascriptCanOpenWindows":true,"javascriptEnabled":true,"loadImages":true,"localToRemoteUrlAccessEnabled":false,"userAgent":"Mozilla/5.0 (Windows NT 6.2; WOW64) AppleWebKit/538.1 (KHTML, like Gecko) PhantomJS/2.1.1 Safari/538.1","webSecurityEnabled":true}
[INFO  - 2016-09-09T00:48:46.159Z] Session [26d36890-7627-11e6-bada-61cd9c9d4040] - page.customHeaders:  - {}
[INFO  - 2016-09-09T00:48:46.517Z] Session [26d36890-7627-11e6-bada-61cd9c9d4040] - page.settings - {"XSSAuditingEnabled":false,"javascriptCanCloseWindows":true,"javascriptCanOpenWindows":true,"javascriptEnabled":true,"loadImages":true,"localToRemoteUrlAccessEnabled":false,"userAgent":"Mozilla/5.0 (Windows NT 6.2; WOW64) AppleWebKit/538.1 (KHTML, like Gecko) PhantomJS/2.1.1 Safari/538.1","webSecurityEnabled":true}
[INFO  - 2016-09-09T00:48:46.517Z] Session [26d36890-7627-11e6-bada-61cd9c9d4040] - page.customHeaders:  - {}
[INFO  - 2016-09-09T00:48:46.838Z] Session [26d36890-7627-11e6-bada-61cd9c9d4040] - page.settings - {"XSSAuditingEnabled":false,"javascriptCanCloseWindows":true,"javascriptCanOpenWindows":true,"javascriptEnabled":true,"loadImages":true,"localToRemoteUrlAccessEnabled":false,"userAgent":"Mozilla/5.0 (Windows NT 6.2; WOW64) AppleWebKit/538.1 (KHTML, like Gecko) PhantomJS/2.1.1 Safari/538.1","webSecurityEnabled":true}
[INFO  - 2016-09-09T00:48:46.838Z] Session [26d36890-7627-11e6-bada-61cd9c9d4040] - page.customHeaders:  - {}
[INFO  - 2016-09-09T00:48:47.181Z] Session [26d36890-7627-11e6-bada-61cd9c9d4040] - page.settings - {"XSSAuditingEnabled":false,"javascriptCanCloseWindows":true,"javascriptCanOpenWindows":true,"javascriptEnabled":true,"loadImages":true,"localToRemoteUrlAccessEnabled":false,"userAgent":"Mozilla/5.0 (Windows NT 6.2; WOW64) AppleWebKit/538.1 (KHTML, like Gecko) PhantomJS/2.1.1 Safari/538.1","webSecurityEnabled":true}
[INFO  - 2016-09-09T00:48:47.181Z] Session [26d36890-7627-11e6-bada-61cd9c9d4040] - page.customHeaders:  - {}
[INFO  - 2016-09-09T00:48:47.531Z] Session [26d36890-7627-11e6-bada-61cd9c9d4040] - page.settings - {"XSSAuditingEnabled":false,"javascriptCanCloseWindows":true,"javascriptCanOpenWindows":true,"javascriptEnabled":true,"loadImages":true,"localToRemoteUrlAccessEnabled":false,"userAgent":"Mozilla/5.0 (Windows NT 6.2; WOW64) AppleWebKit/538.1 (KHTML, like Gecko) PhantomJS/2.1.1 Safari/538.1","webSecurityEnabled":true}
[INFO  - 2016-09-09T00:48:47.531Z] Session [26d36890-7627-11e6-bada-61cd9c9d4040] - page.customHeaders:  - {}
[INFO  - 2016-09-09T00:48:48.054Z] Session [26d36890-7627-11e6-bada-61cd9c9d4040] - page.settings - {"XSSAuditingEnabled":false,"javascriptCanCloseWindows":true,"javascriptCanOpenWindows":true,"javascriptEnabled":true,"loadImages":true,"localToRemoteUrlAccessEnabled":false,"userAgent":"Mozilla/5.0 (Windows NT 6.2; WOW64) AppleWebKit/538.1 (KHTML, like Gecko) PhantomJS/2.1.1 Safari/538.1","webSecurityEnabled":true}
[INFO  - 2016-09-09T00:48:48.054Z] Session [26d36890-7627-11e6-bada-61cd9c9d4040] - page.customHeaders:  - {}
[INFO  - 2016-09-09T00:48:48.366Z] Session [26d36890-7627-11e6-bada-61cd9c9d4040] - page.settings - {"XSSAuditingEnabled":false,"javascriptCanCloseWindows":true,"javascriptCanOpenWindows":true,"javascriptEnabled":true,"loadImages":true,"localToRemoteUrlAccessEnabled":false,"userAgent":"Mozilla/5.0 (Windows NT 6.2; WOW64) AppleWebKit/538.1 (KHTML, like Gecko) PhantomJS/2.1.1 Safari/538.1","webSecurityEnabled":true}
[INFO  - 2016-09-09T00:48:48.366Z] Session [26d36890-7627-11e6-bada-61cd9c9d4040] - page.customHeaders:  - {}
[INFO  - 2016-09-09T00:48:48.666Z] Session [26d36890-7627-11e6-bada-61cd9c9d4040] - page.settings - {"XSSAuditingEnabled":false,"javascriptCanCloseWindows":true,"javascriptCanOpenWindows":true,"javascriptEnabled":true,"loadImages":true,"localToRemoteUrlAccessEnabled":false,"userAgent":"Mozilla/5.0 (Windows NT 6.2; WOW64) AppleWebKit/538.1 (KHTML, like Gecko) PhantomJS/2.1.1 Safari/538.1","webSecurityEnabled":true}
[INFO  - 2016-09-09T00:48:48.666Z] Session [26d36890-7627-11e6-bada-61cd9c9d4040] - page.customHeaders:  - {}
[INFO  - 2016-09-09T00:48:49.113Z] Session [26d36890-7627-11e6-bada-61cd9c9d4040] - page.settings - {"XSSAuditingEnabled":false,"javascriptCanCloseWindows":true,"javascriptCanOpenWindows":true,"javascriptEnabled":true,"loadImages":true,"localToRemoteUrlAccessEnabled":false,"userAgent":"Mozilla/5.0 (Windows NT 6.2; WOW64) AppleWebKit/538.1 (KHTML, like Gecko) PhantomJS/2.1.1 Safari/538.1","webSecurityEnabled":true}
[INFO  - 2016-09-09T00:48:49.113Z] Session [26d36890-7627-11e6-bada-61cd9c9d4040] - page.customHeaders:  - {}
[INFO  - 2016-09-09T00:48:51.727Z] Session [26d36890-7627-11e6-bada-61cd9c9d4040] - page.settings - {"XSSAuditingEnabled":false,"javascriptCanCloseWindows":true,"javascriptCanOpenWindows":true,"javascriptEnabled":true,"loadImages":true,"localToRemoteUrlAccessEnabled":false,"userAgent":"Mozilla/5.0 (Windows NT 6.2; WOW64) AppleWebKit/538.1 (KHTML, like Gecko) PhantomJS/2.1.1 Safari/538.1","webSecurityEnabled":true}
[INFO  - 2016-09-09T00:48:51.728Z] Session [26d36890-7627-11e6-bada-61cd9c9d4040] - page.customHeaders:  - {}
[INFO  - 2016-09-09T00:48:52.312Z] Session [26d36890-7627-11e6-bada-61cd9c9d4040] - page.settings - {"XSSAuditingEnabled":false,"javascriptCanCloseWindows":true,"javascriptCanOpenWindows":true,"javascriptEnabled":true,"loadImages":true,"localToRemoteUrlAccessEnabled":false,"userAgent":"Mozilla/5.0 (Windows NT 6.2; WOW64) AppleWebKit/538.1 (KHTML, like Gecko) PhantomJS/2.1.1 Safari/538.1","webSecurityEnabled":true}
[INFO  - 2016-09-09T00:48:52.312Z] Session [26d36890-7627-11e6-bada-61cd9c9d4040] - page.customHeaders:  - {}
[INFO  - 2016-09-09T00:49:00.308Z] Session [26d36890-7627-11e6-bada-61cd9c9d4040] - page.settings - {"XSSAuditingEnabled":false,"javascriptCanCloseWindows":true,"javascriptCanOpenWindows":true,"javascriptEnabled":true,"loadImages":true,"localToRemoteUrlAccessEnabled":false,"userAgent":"Mozilla/5.0 (Windows NT 6.2; WOW64) AppleWebKit/538.1 (KHTML, like Gecko) PhantomJS/2.1.1 Safari/538.1","webSecurityEnabled":true}
[INFO  - 2016-09-09T00:49:00.308Z] Session [26d36890-7627-11e6-bada-61cd9c9d4040] - page.customHeaders:  - {}
